  HUD.cpp
C:\Users\Zeloc\Documents\GitHub\MAGUS\Magus\HUD.cpp(14,8): warning C4244: 'initializing': conversion from 'T' to 'int', possible loss of data
          with
          [
              T=double
          ]
C:\Users\Zeloc\Documents\GitHub\MAGUS\Magus\HUD.cpp(15,8): warning C4244: 'initializing': conversion from 'T' to 'int', possible loss of data
          with
          [
              T=double
          ]
C:\Users\Zeloc\Documents\GitHub\MAGUS\Magus\HUD.cpp(16,8): warning C4018: '>=': signed/unsigned mismatch
C:\Users\Zeloc\Documents\GitHub\MAGUS\Magus\HUD.cpp(16,30): warning C4018: '<=': signed/unsigned mismatch
C:\Users\Zeloc\Documents\GitHub\MAGUS\Magus\HUD.cpp(66,8): warning C4244: 'initializing': conversion from 'T' to 'int', possible loss of data
          with
          [
              T=double
          ]
C:\Users\Zeloc\Documents\GitHub\MAGUS\Magus\HUD.cpp(67,8): warning C4244: 'initializing': conversion from 'T' to 'int', possible loss of data
          with
          [
              T=double
          ]
C:\Users\Zeloc\Documents\GitHub\MAGUS\Magus\HUD.cpp(68,8): warning C4018: '>=': signed/unsigned mismatch
C:\Users\Zeloc\Documents\GitHub\MAGUS\Magus\HUD.cpp(68,27): warning C4018: '<=': signed/unsigned mismatch
C:\Users\Zeloc\Documents\GitHub\MAGUS\Magus\HUD.cpp(69,9): warning C4018: '>=': signed/unsigned mismatch
C:\Users\Zeloc\Documents\GitHub\MAGUS\Magus\HUD.cpp(69,28): warning C4018: '<=': signed/unsigned mismatch
  Scene.cpp
  ScreenManager.cpp
  Generating Code...
  Magus.vcxproj -> C:\Users\Zeloc\Documents\GitHub\MAGUS\x64\Debug\Magus.exe
